{"C:\\Users\\conej\\Documents\\conecta-social-comunidad-main\\src\\services\\ReportService.ts": {"path":"C:\\Users\\conej\\Documents\\conecta-social-comunidad-main\\src\\services\\ReportService.ts","statementMap":{"0":{"start":{"line":54,"column":4},"end":{"line":102,"column":null}},"1":{"start":{"line":55,"column":6},"end":{"line":58,"column":null}},"2":{"start":{"line":56,"column":8},"end":{"line":56,"column":null}},"3":{"start":{"line":57,"column":8},"end":{"line":57,"column":null}},"4":{"start":{"line":60,"column":51},"end":{"line":60,"column":null}},"5":{"start":{"line":62,"column":6},"end":{"line":64,"column":null}},"6":{"start":{"line":63,"column":8},"end":{"line":63,"column":null}},"7":{"start":{"line":66,"column":6},"end":{"line":68,"column":null}},"8":{"start":{"line":67,"column":8},"end":{"line":67,"column":null}},"9":{"start":{"line":70,"column":6},"end":{"line":72,"column":null}},"10":{"start":{"line":71,"column":8},"end":{"line":71,"column":null}},"11":{"start":{"line":75,"column":30},"end":{"line":89,"column":null}},"12":{"start":{"line":91,"column":6},"end":{"line":94,"column":null}},"13":{"start":{"line":92,"column":8},"end":{"line":92,"column":null}},"14":{"start":{"line":93,"column":8},"end":{"line":93,"column":null}},"15":{"start":{"line":96,"column":6},"end":{"line":96,"column":null}},"16":{"start":{"line":97,"column":6},"end":{"line":97,"column":null}},"17":{"start":{"line":100,"column":6},"end":{"line":100,"column":null}},"18":{"start":{"line":101,"column":6},"end":{"line":101,"column":null}},"19":{"start":{"line":106,"column":4},"end":{"line":134,"column":null}},"20":{"start":{"line":107,"column":6},"end":{"line":110,"column":null}},"21":{"start":{"line":108,"column":8},"end":{"line":108,"column":null}},"22":{"start":{"line":109,"column":8},"end":{"line":109,"column":null}},"23":{"start":{"line":112,"column":51},"end":{"line":112,"column":null}},"24":{"start":{"line":114,"column":6},"end":{"line":116,"column":null}},"25":{"start":{"line":115,"column":8},"end":{"line":115,"column":null}},"26":{"start":{"line":118,"column":30},"end":{"line":122,"column":null}},"27":{"start":{"line":124,"column":6},"end":{"line":127,"column":null}},"28":{"start":{"line":125,"column":8},"end":{"line":125,"column":null}},"29":{"start":{"line":126,"column":8},"end":{"line":126,"column":null}},"30":{"start":{"line":129,"column":6},"end":{"line":129,"column":null}},"31":{"start":{"line":132,"column":6},"end":{"line":132,"column":null}},"32":{"start":{"line":133,"column":6},"end":{"line":133,"column":null}},"33":{"start":{"line":138,"column":4},"end":{"line":166,"column":null}},"34":{"start":{"line":139,"column":6},"end":{"line":142,"column":null}},"35":{"start":{"line":140,"column":8},"end":{"line":140,"column":null}},"36":{"start":{"line":141,"column":8},"end":{"line":141,"column":null}},"37":{"start":{"line":144,"column":51},"end":{"line":144,"column":null}},"38":{"start":{"line":146,"column":6},"end":{"line":148,"column":null}},"39":{"start":{"line":147,"column":8},"end":{"line":147,"column":null}},"40":{"start":{"line":150,"column":30},"end":{"line":154,"column":null}},"41":{"start":{"line":156,"column":6},"end":{"line":159,"column":null}},"42":{"start":{"line":157,"column":8},"end":{"line":157,"column":null}},"43":{"start":{"line":158,"column":8},"end":{"line":158,"column":null}},"44":{"start":{"line":161,"column":6},"end":{"line":161,"column":null}},"45":{"start":{"line":164,"column":6},"end":{"line":164,"column":null}},"46":{"start":{"line":165,"column":6},"end":{"line":165,"column":null}},"47":{"start":{"line":170,"column":4},"end":{"line":210,"column":null}},"48":{"start":{"line":171,"column":6},"end":{"line":174,"column":null}},"49":{"start":{"line":172,"column":8},"end":{"line":172,"column":null}},"50":{"start":{"line":173,"column":8},"end":{"line":173,"column":null}},"51":{"start":{"line":176,"column":51},"end":{"line":176,"column":null}},"52":{"start":{"line":178,"column":6},"end":{"line":180,"column":null}},"53":{"start":{"line":179,"column":8},"end":{"line":179,"column":null}},"54":{"start":{"line":182,"column":21},"end":{"line":182,"column":null}},"55":{"start":{"line":185,"column":26},"end":{"line":185,"column":null}},"56":{"start":{"line":187,"column":30},"end":{"line":197,"column":null}},"57":{"start":{"line":199,"column":6},"end":{"line":202,"column":null}},"58":{"start":{"line":200,"column":8},"end":{"line":200,"column":null}},"59":{"start":{"line":201,"column":8},"end":{"line":201,"column":null}},"60":{"start":{"line":204,"column":6},"end":{"line":204,"column":null}},"61":{"start":{"line":205,"column":6},"end":{"line":205,"column":null}},"62":{"start":{"line":208,"column":6},"end":{"line":208,"column":null}},"63":{"start":{"line":209,"column":6},"end":{"line":209,"column":null}},"64":{"start":{"line":214,"column":4},"end":{"line":251,"column":null}},"65":{"start":{"line":215,"column":6},"end":{"line":218,"column":null}},"66":{"start":{"line":216,"column":8},"end":{"line":216,"column":null}},"67":{"start":{"line":217,"column":8},"end":{"line":217,"column":null}},"68":{"start":{"line":220,"column":51},"end":{"line":220,"column":null}},"69":{"start":{"line":222,"column":6},"end":{"line":224,"column":null}},"70":{"start":{"line":223,"column":8},"end":{"line":223,"column":null}},"71":{"start":{"line":227,"column":42},"end":{"line":230,"column":null}},"72":{"start":{"line":232,"column":6},"end":{"line":235,"column":null}},"73":{"start":{"line":233,"column":8},"end":{"line":233,"column":null}},"74":{"start":{"line":234,"column":8},"end":{"line":234,"column":null}},"75":{"start":{"line":237,"column":22},"end":{"line":237,"column":null}},"76":{"start":{"line":238,"column":33},"end":{"line":244,"column":null}},"77":{"start":{"line":240,"column":44},"end":{"line":240,"column":66}},"78":{"start":{"line":241,"column":45},"end":{"line":241,"column":68}},"79":{"start":{"line":242,"column":46},"end":{"line":242,"column":70}},"80":{"start":{"line":243,"column":64},"end":{"line":243,"column":87}},"81":{"start":{"line":246,"column":6},"end":{"line":246,"column":null}},"82":{"start":{"line":249,"column":6},"end":{"line":249,"column":null}},"83":{"start":{"line":250,"column":6},"end":{"line":250,"column":null}},"84":{"start":{"line":255,"column":4},"end":{"line":286,"column":null}},"85":{"start":{"line":256,"column":6},"end":{"line":259,"column":null}},"86":{"start":{"line":257,"column":8},"end":{"line":257,"column":null}},"87":{"start":{"line":258,"column":8},"end":{"line":258,"column":null}},"88":{"start":{"line":261,"column":51},"end":{"line":261,"column":null}},"89":{"start":{"line":263,"column":6},"end":{"line":265,"column":null}},"90":{"start":{"line":264,"column":8},"end":{"line":264,"column":null}},"91":{"start":{"line":268,"column":30},"end":{"line":274,"column":null}},"92":{"start":{"line":276,"column":6},"end":{"line":279,"column":null}},"93":{"start":{"line":277,"column":8},"end":{"line":277,"column":null}},"94":{"start":{"line":278,"column":8},"end":{"line":278,"column":null}},"95":{"start":{"line":281,"column":6},"end":{"line":281,"column":null}},"96":{"start":{"line":284,"column":6},"end":{"line":284,"column":null}},"97":{"start":{"line":285,"column":6},"end":{"line":285,"column":null}},"98":{"start":{"line":290,"column":4},"end":{"line":315,"column":null}},"99":{"start":{"line":291,"column":6},"end":{"line":294,"column":null}},"100":{"start":{"line":292,"column":8},"end":{"line":292,"column":null}},"101":{"start":{"line":293,"column":8},"end":{"line":293,"column":null}},"102":{"start":{"line":297,"column":30},"end":{"line":302,"column":null}},"103":{"start":{"line":304,"column":6},"end":{"line":307,"column":null}},"104":{"start":{"line":305,"column":8},"end":{"line":305,"column":null}},"105":{"start":{"line":306,"column":8},"end":{"line":306,"column":null}},"106":{"start":{"line":309,"column":12},"end":{"line":309,"column":null}},"107":{"start":{"line":310,"column":6},"end":{"line":310,"column":null}},"108":{"start":{"line":313,"column":6},"end":{"line":313,"column":null}},"109":{"start":{"line":314,"column":6},"end":{"line":314,"column":null}},"110":{"start":{"line":319,"column":4},"end":{"line":359,"column":null}},"111":{"start":{"line":320,"column":6},"end":{"line":323,"column":null}},"112":{"start":{"line":321,"column":8},"end":{"line":321,"column":null}},"113":{"start":{"line":322,"column":8},"end":{"line":322,"column":null}},"114":{"start":{"line":325,"column":51},"end":{"line":325,"column":null}},"115":{"start":{"line":327,"column":6},"end":{"line":329,"column":null}},"116":{"start":{"line":328,"column":8},"end":{"line":328,"column":null}},"117":{"start":{"line":331,"column":30},"end":{"line":334,"column":null}},"118":{"start":{"line":336,"column":6},"end":{"line":339,"column":null}},"119":{"start":{"line":337,"column":8},"end":{"line":337,"column":null}},"120":{"start":{"line":338,"column":8},"end":{"line":338,"column":null}},"121":{"start":{"line":341,"column":20},"end":{"line":352,"column":null}},"122":{"start":{"line":343,"column":62},"end":{"line":343,"column":84}},"123":{"start":{"line":344,"column":63},"end":{"line":344,"column":86}},"124":{"start":{"line":345,"column":64},"end":{"line":345,"column":88}},"125":{"start":{"line":347,"column":64},"end":{"line":347,"column":92}},"126":{"start":{"line":348,"column":64},"end":{"line":348,"column":92}},"127":{"start":{"line":349,"column":62},"end":{"line":349,"column":88}},"128":{"start":{"line":350,"column":62},"end":{"line":350,"column":88}},"129":{"start":{"line":354,"column":6},"end":{"line":354,"column":null}},"130":{"start":{"line":357,"column":6},"end":{"line":357,"column":null}},"131":{"start":{"line":358,"column":6},"end":{"line":358,"column":null}},"132":{"start":{"line":364,"column":4},"end":{"line":400,"column":null}},"133":{"start":{"line":365,"column":6},"end":{"line":368,"column":null}},"134":{"start":{"line":366,"column":8},"end":{"line":366,"column":null}},"135":{"start":{"line":367,"column":8},"end":{"line":367,"column":null}},"136":{"start":{"line":370,"column":51},"end":{"line":370,"column":null}},"137":{"start":{"line":372,"column":6},"end":{"line":374,"column":null}},"138":{"start":{"line":373,"column":8},"end":{"line":373,"column":null}},"139":{"start":{"line":376,"column":30},"end":{"line":387,"column":null}},"140":{"start":{"line":389,"column":6},"end":{"line":392,"column":null}},"141":{"start":{"line":390,"column":8},"end":{"line":390,"column":null}},"142":{"start":{"line":391,"column":8},"end":{"line":391,"column":null}},"143":{"start":{"line":394,"column":6},"end":{"line":394,"column":null}},"144":{"start":{"line":395,"column":6},"end":{"line":395,"column":null}},"145":{"start":{"line":398,"column":6},"end":{"line":398,"column":null}},"146":{"start":{"line":399,"column":6},"end":{"line":399,"column":null}},"147":{"start":{"line":405,"column":4},"end":{"line":412,"column":null}},"148":{"start":{"line":416,"column":4},"end":{"line":445,"column":null}},"149":{"start":{"line":417,"column":6},"end":{"line":420,"column":null}},"150":{"start":{"line":418,"column":8},"end":{"line":418,"column":null}},"151":{"start":{"line":419,"column":8},"end":{"line":419,"column":null}},"152":{"start":{"line":422,"column":51},"end":{"line":422,"column":null}},"153":{"start":{"line":424,"column":6},"end":{"line":426,"column":null}},"154":{"start":{"line":425,"column":8},"end":{"line":425,"column":null}},"155":{"start":{"line":428,"column":30},"end":{"line":433,"column":null}},"156":{"start":{"line":435,"column":6},"end":{"line":438,"column":null}},"157":{"start":{"line":436,"column":8},"end":{"line":436,"column":null}},"158":{"start":{"line":437,"column":8},"end":{"line":437,"column":null}},"159":{"start":{"line":440,"column":6},"end":{"line":440,"column":null}},"160":{"start":{"line":443,"column":6},"end":{"line":443,"column":null}},"161":{"start":{"line":444,"column":6},"end":{"line":444,"column":null}},"162":{"start":{"line":449,"column":4},"end":{"line":472,"column":null}},"163":{"start":{"line":450,"column":6},"end":{"line":453,"column":null}},"164":{"start":{"line":451,"column":8},"end":{"line":451,"column":null}},"165":{"start":{"line":452,"column":8},"end":{"line":452,"column":null}},"166":{"start":{"line":455,"column":30},"end":{"line":460,"column":null}},"167":{"start":{"line":462,"column":6},"end":{"line":465,"column":null}},"168":{"start":{"line":463,"column":8},"end":{"line":463,"column":null}},"169":{"start":{"line":464,"column":8},"end":{"line":464,"column":null}},"170":{"start":{"line":467,"column":6},"end":{"line":467,"column":null}},"171":{"start":{"line":470,"column":6},"end":{"line":470,"column":null}},"172":{"start":{"line":471,"column":6},"end":{"line":471,"column":null}},"173":{"start":{"line":476,"column":4},"end":{"line":525,"column":null}},"174":{"start":{"line":477,"column":6},"end":{"line":480,"column":null}},"175":{"start":{"line":478,"column":8},"end":{"line":478,"column":null}},"176":{"start":{"line":479,"column":8},"end":{"line":479,"column":null}},"177":{"start":{"line":482,"column":44},"end":{"line":482,"column":null}},"178":{"start":{"line":484,"column":6},"end":{"line":507,"column":null}},"179":{"start":{"line":486,"column":10},"end":{"line":488,"column":null}},"180":{"start":{"line":489,"column":10},"end":{"line":489,"column":null}},"181":{"start":{"line":492,"column":32},"end":{"line":492,"column":null}},"182":{"start":{"line":493,"column":10},"end":{"line":493,"column":null}},"183":{"start":{"line":494,"column":10},"end":{"line":497,"column":null}},"184":{"start":{"line":498,"column":10},"end":{"line":498,"column":null}},"185":{"start":{"line":502,"column":10},"end":{"line":505,"column":null}},"186":{"start":{"line":506,"column":10},"end":{"line":506,"column":null}},"187":{"start":{"line":509,"column":37},"end":{"line":512,"column":null}},"188":{"start":{"line":514,"column":6},"end":{"line":517,"column":null}},"189":{"start":{"line":515,"column":8},"end":{"line":515,"column":null}},"190":{"start":{"line":516,"column":8},"end":{"line":516,"column":null}},"191":{"start":{"line":519,"column":6},"end":{"line":519,"column":null}},"192":{"start":{"line":520,"column":6},"end":{"line":520,"column":null}},"193":{"start":{"line":523,"column":6},"end":{"line":523,"column":null}},"194":{"start":{"line":524,"column":6},"end":{"line":524,"column":null}},"195":{"start":{"line":529,"column":4},"end":{"line":575,"column":null}},"196":{"start":{"line":530,"column":6},"end":{"line":533,"column":null}},"197":{"start":{"line":531,"column":8},"end":{"line":531,"column":null}},"198":{"start":{"line":532,"column":8},"end":{"line":532,"column":null}},"199":{"start":{"line":535,"column":33},"end":{"line":535,"column":null}},"200":{"start":{"line":537,"column":6},"end":{"line":539,"column":null}},"201":{"start":{"line":538,"column":8},"end":{"line":538,"column":null}},"202":{"start":{"line":541,"column":27},"end":{"line":541,"column":null}},"203":{"start":{"line":543,"column":36},"end":{"line":547,"column":null}},"204":{"start":{"line":549,"column":40},"end":{"line":553,"column":null}},"205":{"start":{"line":555,"column":38},"end":{"line":560,"column":null}},"206":{"start":{"line":562,"column":6},"end":{"line":570,"column":null}},"207":{"start":{"line":573,"column":6},"end":{"line":573,"column":null}},"208":{"start":{"line":574,"column":6},"end":{"line":574,"column":null}},"209":{"start":{"line":579,"column":4},"end":{"line":613,"column":null}},"210":{"start":{"line":580,"column":6},"end":{"line":583,"column":null}},"211":{"start":{"line":581,"column":8},"end":{"line":581,"column":null}},"212":{"start":{"line":582,"column":8},"end":{"line":582,"column":null}},"213":{"start":{"line":585,"column":33},"end":{"line":585,"column":null}},"214":{"start":{"line":587,"column":6},"end":{"line":589,"column":null}},"215":{"start":{"line":588,"column":8},"end":{"line":588,"column":null}},"216":{"start":{"line":591,"column":27},"end":{"line":591,"column":null}},"217":{"start":{"line":593,"column":38},"end":{"line":598,"column":null}},"218":{"start":{"line":600,"column":6},"end":{"line":606,"column":null}},"219":{"start":{"line":601,"column":8},"end":{"line":605,"column":null}},"220":{"start":{"line":608,"column":6},"end":{"line":608,"column":null}},"221":{"start":{"line":611,"column":6},"end":{"line":611,"column":null}},"222":{"start":{"line":612,"column":6},"end":{"line":612,"column":null}},"223":{"start":{"line":617,"column":29},"end":{"line":617,"column":null}}},"fnMap":{"0":{"name":"(anonymous_0)","decl":{"start":{"line":53,"column":8},"end":{"line":53,"column":21}},"loc":{"start":{"line":53,"column":74},"end":{"line":103,"column":null}},"line":53},"1":{"name":"(anonymous_1)","decl":{"start":{"line":105,"column":8},"end":{"line":105,"column":55}},"loc":{"start":{"line":105,"column":55},"end":{"line":135,"column":null}},"line":105},"2":{"name":"(anonymous_2)","decl":{"start":{"line":137,"column":8},"end":{"line":137,"column":58}},"loc":{"start":{"line":137,"column":58},"end":{"line":167,"column":null}},"line":137},"3":{"name":"(anonymous_3)","decl":{"start":{"line":169,"column":8},"end":{"line":169,"column":22}},"loc":{"start":{"line":169,"column":135},"end":{"line":211,"column":null}},"line":169},"4":{"name":"(anonymous_4)","decl":{"start":{"line":213,"column":8},"end":{"line":213,"column":97}},"loc":{"start":{"line":213,"column":97},"end":{"line":252,"column":null}},"line":213},"5":{"name":"(anonymous_5)","decl":{"start":{"line":240,"column":39},"end":{"line":240,"column":44}},"loc":{"start":{"line":240,"column":44},"end":{"line":240,"column":66}},"line":240},"6":{"name":"(anonymous_6)","decl":{"start":{"line":241,"column":40},"end":{"line":241,"column":45}},"loc":{"start":{"line":241,"column":45},"end":{"line":241,"column":68}},"line":241},"7":{"name":"(anonymous_7)","decl":{"start":{"line":242,"column":41},"end":{"line":242,"column":46}},"loc":{"start":{"line":242,"column":46},"end":{"line":242,"column":70}},"line":242},"8":{"name":"(anonymous_8)","decl":{"start":{"line":243,"column":59},"end":{"line":243,"column":64}},"loc":{"start":{"line":243,"column":64},"end":{"line":243,"column":87}},"line":243},"9":{"name":"(anonymous_9)","decl":{"start":{"line":254,"column":8},"end":{"line":254,"column":107}},"loc":{"start":{"line":254,"column":107},"end":{"line":287,"column":null}},"line":254},"10":{"name":"(anonymous_10)","decl":{"start":{"line":289,"column":8},"end":{"line":289,"column":25}},"loc":{"start":{"line":289,"column":133},"end":{"line":316,"column":null}},"line":289},"11":{"name":"(anonymous_11)","decl":{"start":{"line":318,"column":8},"end":{"line":318,"column":110}},"loc":{"start":{"line":318,"column":110},"end":{"line":360,"column":null}},"line":318},"12":{"name":"(anonymous_12)","decl":{"start":{"line":343,"column":30},"end":{"line":343,"column":31}},"loc":{"start":{"line":343,"column":62},"end":{"line":343,"column":84}},"line":343},"13":{"name":"(anonymous_13)","decl":{"start":{"line":344,"column":31},"end":{"line":344,"column":32}},"loc":{"start":{"line":344,"column":63},"end":{"line":344,"column":86}},"line":344},"14":{"name":"(anonymous_14)","decl":{"start":{"line":345,"column":32},"end":{"line":345,"column":33}},"loc":{"start":{"line":345,"column":64},"end":{"line":345,"column":88}},"line":345},"15":{"name":"(anonymous_15)","decl":{"start":{"line":347,"column":32},"end":{"line":347,"column":33}},"loc":{"start":{"line":347,"column":64},"end":{"line":347,"column":92}},"line":347},"16":{"name":"(anonymous_16)","decl":{"start":{"line":348,"column":32},"end":{"line":348,"column":33}},"loc":{"start":{"line":348,"column":64},"end":{"line":348,"column":92}},"line":348},"17":{"name":"(anonymous_17)","decl":{"start":{"line":349,"column":30},"end":{"line":349,"column":31}},"loc":{"start":{"line":349,"column":62},"end":{"line":349,"column":88}},"line":349},"18":{"name":"(anonymous_18)","decl":{"start":{"line":350,"column":30},"end":{"line":350,"column":31}},"loc":{"start":{"line":350,"column":62},"end":{"line":350,"column":88}},"line":350},"19":{"name":"(anonymous_19)","decl":{"start":{"line":363,"column":8},"end":{"line":363,"column":29}},"loc":{"start":{"line":363,"column":126},"end":{"line":401,"column":null}},"line":363},"20":{"name":"(anonymous_20)","decl":{"start":{"line":404,"column":8},"end":{"line":404,"column":28}},"loc":{"start":{"line":404,"column":178},"end":{"line":413,"column":null}},"line":404},"21":{"name":"(anonymous_21)","decl":{"start":{"line":415,"column":8},"end":{"line":415,"column":62}},"loc":{"start":{"line":415,"column":62},"end":{"line":446,"column":null}},"line":415},"22":{"name":"(anonymous_22)","decl":{"start":{"line":448,"column":8},"end":{"line":448,"column":65}},"loc":{"start":{"line":448,"column":65},"end":{"line":473,"column":null}},"line":448},"23":{"name":"(anonymous_23)","decl":{"start":{"line":475,"column":8},"end":{"line":475,"column":27}},"loc":{"start":{"line":475,"column":184},"end":{"line":526,"column":null}},"line":475},"24":{"name":"(anonymous_24)","decl":{"start":{"line":528,"column":8},"end":{"line":528,"column":30}},"loc":{"start":{"line":528,"column":212},"end":{"line":576,"column":null}},"line":528},"25":{"name":"(anonymous_25)","decl":{"start":{"line":578,"column":8},"end":{"line":578,"column":22}},"loc":{"start":{"line":578,"column":124},"end":{"line":614,"column":null}},"line":578}},"branchMap":{"0":{"loc":{"start":{"line":55,"column":6},"end":{"line":58,"column":null}},"type":"if","locations":[{"start":{"line":55,"column":6},"end":{"line":58,"column":null}},{"start":{},"end":{}}],"line":55},"1":{"loc":{"start":{"line":62,"column":6},"end":{"line":64,"column":null}},"type":"if","locations":[{"start":{"line":62,"column":6},"end":{"line":64,"column":null}},{"start":{},"end":{}}],"line":62},"2":{"loc":{"start":{"line":62,"column":10},"end":{"line":62,"column":30}},"type":"binary-expr","locations":[{"start":{"line":62,"column":10},"end":{"line":62,"column":23}},{"start":{"line":62,"column":23},"end":{"line":62,"column":30}}],"line":62},"3":{"loc":{"start":{"line":66,"column":6},"end":{"line":68,"column":null}},"type":"if","locations":[{"start":{"line":66,"column":6},"end":{"line":68,"column":null}},{"start":{},"end":{}}],"line":66},"4":{"loc":{"start":{"line":70,"column":6},"end":{"line":72,"column":null}},"type":"if","locations":[{"start":{"line":70,"column":6},"end":{"line":72,"column":null}},{"start":{},"end":{}}],"line":70},"5":{"loc":{"start":{"line":80,"column":31},"end":{"line":80,"column":null}},"type":"binary-expr","locations":[{"start":{"line":80,"column":31},"end":{"line":80,"column":59}},{"start":{"line":80,"column":59},"end":{"line":80,"column":null}}],"line":80},"6":{"loc":{"start":{"line":84,"column":23},"end":{"line":84,"column":null}},"type":"binary-expr","locations":[{"start":{"line":84,"column":23},"end":{"line":84,"column":45}},{"start":{"line":84,"column":45},"end":{"line":84,"column":null}}],"line":84},"7":{"loc":{"start":{"line":85,"column":20},"end":{"line":85,"column":null}},"type":"binary-expr","locations":[{"start":{"line":85,"column":20},"end":{"line":85,"column":39}},{"start":{"line":85,"column":39},"end":{"line":85,"column":null}}],"line":85},"8":{"loc":{"start":{"line":91,"column":6},"end":{"line":94,"column":null}},"type":"if","locations":[{"start":{"line":91,"column":6},"end":{"line":94,"column":null}},{"start":{},"end":{}}],"line":91},"9":{"loc":{"start":{"line":100,"column":65},"end":{"line":100,"column":120}},"type":"cond-expr","locations":[{"start":{"line":100,"column":90},"end":{"line":100,"column":106}},{"start":{"line":100,"column":106},"end":{"line":100,"column":120}}],"line":100},"10":{"loc":{"start":{"line":107,"column":6},"end":{"line":110,"column":null}},"type":"if","locations":[{"start":{"line":107,"column":6},"end":{"line":110,"column":null}},{"start":{},"end":{}}],"line":107},"11":{"loc":{"start":{"line":114,"column":6},"end":{"line":116,"column":null}},"type":"if","locations":[{"start":{"line":114,"column":6},"end":{"line":116,"column":null}},{"start":{},"end":{}}],"line":114},"12":{"loc":{"start":{"line":114,"column":10},"end":{"line":114,"column":30}},"type":"binary-expr","locations":[{"start":{"line":114,"column":10},"end":{"line":114,"column":23}},{"start":{"line":114,"column":23},"end":{"line":114,"column":30}}],"line":114},"13":{"loc":{"start":{"line":124,"column":6},"end":{"line":127,"column":null}},"type":"if","locations":[{"start":{"line":124,"column":6},"end":{"line":127,"column":null}},{"start":{},"end":{}}],"line":124},"14":{"loc":{"start":{"line":129,"column":40},"end":{"line":129,"column":64}},"type":"binary-expr","locations":[{"start":{"line":129,"column":40},"end":{"line":129,"column":48}},{"start":{"line":129,"column":48},"end":{"line":129,"column":64}}],"line":129},"15":{"loc":{"start":{"line":132,"column":67},"end":{"line":132,"column":122}},"type":"cond-expr","locations":[{"start":{"line":132,"column":92},"end":{"line":132,"column":108}},{"start":{"line":132,"column":108},"end":{"line":132,"column":122}}],"line":132},"16":{"loc":{"start":{"line":139,"column":6},"end":{"line":142,"column":null}},"type":"if","locations":[{"start":{"line":139,"column":6},"end":{"line":142,"column":null}},{"start":{},"end":{}}],"line":139},"17":{"loc":{"start":{"line":146,"column":6},"end":{"line":148,"column":null}},"type":"if","locations":[{"start":{"line":146,"column":6},"end":{"line":148,"column":null}},{"start":{},"end":{}}],"line":146},"18":{"loc":{"start":{"line":146,"column":10},"end":{"line":146,"column":30}},"type":"binary-expr","locations":[{"start":{"line":146,"column":10},"end":{"line":146,"column":23}},{"start":{"line":146,"column":23},"end":{"line":146,"column":30}}],"line":146},"19":{"loc":{"start":{"line":156,"column":6},"end":{"line":159,"column":null}},"type":"if","locations":[{"start":{"line":156,"column":6},"end":{"line":159,"column":null}},{"start":{},"end":{}}],"line":156},"20":{"loc":{"start":{"line":161,"column":40},"end":{"line":161,"column":64}},"type":"binary-expr","locations":[{"start":{"line":161,"column":40},"end":{"line":161,"column":48}},{"start":{"line":161,"column":48},"end":{"line":161,"column":64}}],"line":161},"21":{"loc":{"start":{"line":164,"column":59},"end":{"line":164,"column":114}},"type":"cond-expr","locations":[{"start":{"line":164,"column":84},"end":{"line":164,"column":100}},{"start":{"line":164,"column":100},"end":{"line":164,"column":114}}],"line":164},"22":{"loc":{"start":{"line":171,"column":6},"end":{"line":174,"column":null}},"type":"if","locations":[{"start":{"line":171,"column":6},"end":{"line":174,"column":null}},{"start":{},"end":{}}],"line":171},"23":{"loc":{"start":{"line":178,"column":6},"end":{"line":180,"column":null}},"type":"if","locations":[{"start":{"line":178,"column":6},"end":{"line":180,"column":null}},{"start":{},"end":{}}],"line":178},"24":{"loc":{"start":{"line":178,"column":10},"end":{"line":178,"column":30}},"type":"binary-expr","locations":[{"start":{"line":178,"column":10},"end":{"line":178,"column":23}},{"start":{"line":178,"column":23},"end":{"line":178,"column":30}}],"line":178},"25":{"loc":{"start":{"line":182,"column":21},"end":{"line":182,"column":null}},"type":"cond-expr","locations":[{"start":{"line":182,"column":44},"end":{"line":182,"column":58}},{"start":{"line":182,"column":58},"end":{"line":182,"column":null}}],"line":182},"26":{"loc":{"start":{"line":185,"column":26},"end":{"line":185,"column":null}},"type":"cond-expr","locations":[{"start":{"line":185,"column":34},"end":{"line":185,"column":67}},{"start":{"line":185,"column":67},"end":{"line":185,"column":null}}],"line":185},"27":{"loc":{"start":{"line":199,"column":6},"end":{"line":202,"column":null}},"type":"if","locations":[{"start":{"line":199,"column":6},"end":{"line":202,"column":null}},{"start":{},"end":{}}],"line":199},"28":{"loc":{"start":{"line":208,"column":66},"end":{"line":208,"column":121}},"type":"cond-expr","locations":[{"start":{"line":208,"column":91},"end":{"line":208,"column":107}},{"start":{"line":208,"column":107},"end":{"line":208,"column":121}}],"line":208},"29":{"loc":{"start":{"line":215,"column":6},"end":{"line":218,"column":null}},"type":"if","locations":[{"start":{"line":215,"column":6},"end":{"line":218,"column":null}},{"start":{},"end":{}}],"line":215},"30":{"loc":{"start":{"line":222,"column":6},"end":{"line":224,"column":null}},"type":"if","locations":[{"start":{"line":222,"column":6},"end":{"line":224,"column":null}},{"start":{},"end":{}}],"line":222},"31":{"loc":{"start":{"line":222,"column":10},"end":{"line":222,"column":30}},"type":"binary-expr","locations":[{"start":{"line":222,"column":10},"end":{"line":222,"column":23}},{"start":{"line":222,"column":23},"end":{"line":222,"column":30}}],"line":222},"32":{"loc":{"start":{"line":232,"column":6},"end":{"line":235,"column":null}},"type":"if","locations":[{"start":{"line":232,"column":6},"end":{"line":235,"column":null}},{"start":{},"end":{}}],"line":232},"33":{"loc":{"start":{"line":237,"column":22},"end":{"line":237,"column":null}},"type":"binary-expr","locations":[{"start":{"line":237,"column":22},"end":{"line":237,"column":36}},{"start":{"line":237,"column":36},"end":{"line":237,"column":null}}],"line":237},"34":{"loc":{"start":{"line":243,"column":22},"end":{"line":243,"column":null}},"type":"cond-expr","locations":[{"start":{"line":243,"column":44},"end":{"line":243,"column":122}},{"start":{"line":243,"column":122},"end":{"line":243,"column":null}}],"line":243},"35":{"loc":{"start":{"line":249,"column":71},"end":{"line":249,"column":126}},"type":"cond-expr","locations":[{"start":{"line":249,"column":96},"end":{"line":249,"column":112}},{"start":{"line":249,"column":112},"end":{"line":249,"column":126}}],"line":249},"36":{"loc":{"start":{"line":256,"column":6},"end":{"line":259,"column":null}},"type":"if","locations":[{"start":{"line":256,"column":6},"end":{"line":259,"column":null}},{"start":{},"end":{}}],"line":256},"37":{"loc":{"start":{"line":263,"column":6},"end":{"line":265,"column":null}},"type":"if","locations":[{"start":{"line":263,"column":6},"end":{"line":265,"column":null}},{"start":{},"end":{}}],"line":263},"38":{"loc":{"start":{"line":263,"column":10},"end":{"line":263,"column":30}},"type":"binary-expr","locations":[{"start":{"line":263,"column":10},"end":{"line":263,"column":23}},{"start":{"line":263,"column":23},"end":{"line":263,"column":30}}],"line":263},"39":{"loc":{"start":{"line":276,"column":6},"end":{"line":279,"column":null}},"type":"if","locations":[{"start":{"line":276,"column":6},"end":{"line":279,"column":null}},{"start":{},"end":{}}],"line":276},"40":{"loc":{"start":{"line":281,"column":45},"end":{"line":281,"column":56}},"type":"binary-expr","locations":[{"start":{"line":281,"column":45},"end":{"line":281,"column":53}},{"start":{"line":281,"column":53},"end":{"line":281,"column":56}}],"line":281},"41":{"loc":{"start":{"line":284,"column":75},"end":{"line":284,"column":130}},"type":"cond-expr","locations":[{"start":{"line":284,"column":100},"end":{"line":284,"column":116}},{"start":{"line":284,"column":116},"end":{"line":284,"column":130}}],"line":284},"42":{"loc":{"start":{"line":291,"column":6},"end":{"line":294,"column":null}},"type":"if","locations":[{"start":{"line":291,"column":6},"end":{"line":294,"column":null}},{"start":{},"end":{}}],"line":291},"43":{"loc":{"start":{"line":304,"column":6},"end":{"line":307,"column":null}},"type":"if","locations":[{"start":{"line":304,"column":6},"end":{"line":307,"column":null}},{"start":{},"end":{}}],"line":304},"44":{"loc":{"start":{"line":309,"column":25},"end":{"line":309,"column":37}},"type":"binary-expr","locations":[{"start":{"line":309,"column":25},"end":{"line":309,"column":33}},{"start":{"line":309,"column":33},"end":{"line":309,"column":37}}],"line":309},"45":{"loc":{"start":{"line":313,"column":69},"end":{"line":313,"column":124}},"type":"cond-expr","locations":[{"start":{"line":313,"column":94},"end":{"line":313,"column":110}},{"start":{"line":313,"column":110},"end":{"line":313,"column":124}}],"line":313},"46":{"loc":{"start":{"line":320,"column":6},"end":{"line":323,"column":null}},"type":"if","locations":[{"start":{"line":320,"column":6},"end":{"line":323,"column":null}},{"start":{},"end":{}}],"line":320},"47":{"loc":{"start":{"line":327,"column":6},"end":{"line":329,"column":null}},"type":"if","locations":[{"start":{"line":327,"column":6},"end":{"line":329,"column":null}},{"start":{},"end":{}}],"line":327},"48":{"loc":{"start":{"line":327,"column":10},"end":{"line":327,"column":30}},"type":"binary-expr","locations":[{"start":{"line":327,"column":10},"end":{"line":327,"column":23}},{"start":{"line":327,"column":23},"end":{"line":327,"column":30}}],"line":327},"49":{"loc":{"start":{"line":336,"column":6},"end":{"line":339,"column":null}},"type":"if","locations":[{"start":{"line":336,"column":6},"end":{"line":339,"column":null}},{"start":{},"end":{}}],"line":336},"50":{"loc":{"start":{"line":342,"column":15},"end":{"line":342,"column":null}},"type":"binary-expr","locations":[{"start":{"line":342,"column":15},"end":{"line":342,"column":31}},{"start":{"line":342,"column":31},"end":{"line":342,"column":null}}],"line":342},"51":{"loc":{"start":{"line":343,"column":17},"end":{"line":343,"column":null}},"type":"binary-expr","locations":[{"start":{"line":343,"column":17},"end":{"line":343,"column":96}},{"start":{"line":343,"column":96},"end":{"line":343,"column":null}}],"line":343},"52":{"loc":{"start":{"line":344,"column":18},"end":{"line":344,"column":null}},"type":"binary-expr","locations":[{"start":{"line":344,"column":18},"end":{"line":344,"column":98}},{"start":{"line":344,"column":98},"end":{"line":344,"column":null}}],"line":344},"53":{"loc":{"start":{"line":345,"column":19},"end":{"line":345,"column":null}},"type":"binary-expr","locations":[{"start":{"line":345,"column":19},"end":{"line":345,"column":100}},{"start":{"line":345,"column":100},"end":{"line":345,"column":null}}],"line":345},"54":{"loc":{"start":{"line":347,"column":19},"end":{"line":347,"column":null}},"type":"binary-expr","locations":[{"start":{"line":347,"column":19},"end":{"line":347,"column":104}},{"start":{"line":347,"column":104},"end":{"line":347,"column":null}}],"line":347},"55":{"loc":{"start":{"line":348,"column":19},"end":{"line":348,"column":null}},"type":"binary-expr","locations":[{"start":{"line":348,"column":19},"end":{"line":348,"column":104}},{"start":{"line":348,"column":104},"end":{"line":348,"column":null}}],"line":348},"56":{"loc":{"start":{"line":349,"column":17},"end":{"line":349,"column":null}},"type":"binary-expr","locations":[{"start":{"line":349,"column":17},"end":{"line":349,"column":100}},{"start":{"line":349,"column":100},"end":{"line":349,"column":null}}],"line":349},"57":{"loc":{"start":{"line":350,"column":17},"end":{"line":350,"column":null}},"type":"binary-expr","locations":[{"start":{"line":350,"column":17},"end":{"line":350,"column":100}},{"start":{"line":350,"column":100},"end":{"line":350,"column":null}}],"line":350},"58":{"loc":{"start":{"line":357,"column":61},"end":{"line":357,"column":116}},"type":"cond-expr","locations":[{"start":{"line":357,"column":86},"end":{"line":357,"column":102}},{"start":{"line":357,"column":102},"end":{"line":357,"column":116}}],"line":357},"59":{"loc":{"start":{"line":365,"column":6},"end":{"line":368,"column":null}},"type":"if","locations":[{"start":{"line":365,"column":6},"end":{"line":368,"column":null}},{"start":{},"end":{}}],"line":365},"60":{"loc":{"start":{"line":372,"column":6},"end":{"line":374,"column":null}},"type":"if","locations":[{"start":{"line":372,"column":6},"end":{"line":374,"column":null}},{"start":{},"end":{}}],"line":372},"61":{"loc":{"start":{"line":372,"column":10},"end":{"line":372,"column":30}},"type":"binary-expr","locations":[{"start":{"line":372,"column":10},"end":{"line":372,"column":23}},{"start":{"line":372,"column":23},"end":{"line":372,"column":30}}],"line":372},"62":{"loc":{"start":{"line":389,"column":6},"end":{"line":392,"column":null}},"type":"if","locations":[{"start":{"line":389,"column":6},"end":{"line":392,"column":null}},{"start":{},"end":{}}],"line":389},"63":{"loc":{"start":{"line":398,"column":73},"end":{"line":398,"column":128}},"type":"cond-expr","locations":[{"start":{"line":398,"column":98},"end":{"line":398,"column":114}},{"start":{"line":398,"column":114},"end":{"line":398,"column":128}}],"line":398},"64":{"loc":{"start":{"line":417,"column":6},"end":{"line":420,"column":null}},"type":"if","locations":[{"start":{"line":417,"column":6},"end":{"line":420,"column":null}},{"start":{},"end":{}}],"line":417},"65":{"loc":{"start":{"line":424,"column":6},"end":{"line":426,"column":null}},"type":"if","locations":[{"start":{"line":424,"column":6},"end":{"line":426,"column":null}},{"start":{},"end":{}}],"line":424},"66":{"loc":{"start":{"line":424,"column":10},"end":{"line":424,"column":30}},"type":"binary-expr","locations":[{"start":{"line":424,"column":10},"end":{"line":424,"column":23}},{"start":{"line":424,"column":23},"end":{"line":424,"column":30}}],"line":424},"67":{"loc":{"start":{"line":435,"column":6},"end":{"line":438,"column":null}},"type":"if","locations":[{"start":{"line":435,"column":6},"end":{"line":438,"column":null}},{"start":{},"end":{}}],"line":435},"68":{"loc":{"start":{"line":440,"column":40},"end":{"line":440,"column":64}},"type":"binary-expr","locations":[{"start":{"line":440,"column":40},"end":{"line":440,"column":48}},{"start":{"line":440,"column":48},"end":{"line":440,"column":64}}],"line":440},"69":{"loc":{"start":{"line":443,"column":74},"end":{"line":443,"column":129}},"type":"cond-expr","locations":[{"start":{"line":443,"column":99},"end":{"line":443,"column":115}},{"start":{"line":443,"column":115},"end":{"line":443,"column":129}}],"line":443},"70":{"loc":{"start":{"line":450,"column":6},"end":{"line":453,"column":null}},"type":"if","locations":[{"start":{"line":450,"column":6},"end":{"line":453,"column":null}},{"start":{},"end":{}}],"line":450},"71":{"loc":{"start":{"line":462,"column":6},"end":{"line":465,"column":null}},"type":"if","locations":[{"start":{"line":462,"column":6},"end":{"line":465,"column":null}},{"start":{},"end":{}}],"line":462},"72":{"loc":{"start":{"line":467,"column":40},"end":{"line":467,"column":64}},"type":"binary-expr","locations":[{"start":{"line":467,"column":40},"end":{"line":467,"column":48}},{"start":{"line":467,"column":48},"end":{"line":467,"column":64}}],"line":467},"73":{"loc":{"start":{"line":470,"column":77},"end":{"line":470,"column":132}},"type":"cond-expr","locations":[{"start":{"line":470,"column":102},"end":{"line":470,"column":118}},{"start":{"line":470,"column":118},"end":{"line":470,"column":132}}],"line":470},"74":{"loc":{"start":{"line":477,"column":6},"end":{"line":480,"column":null}},"type":"if","locations":[{"start":{"line":477,"column":6},"end":{"line":480,"column":null}},{"start":{},"end":{}}],"line":477},"75":{"loc":{"start":{"line":484,"column":6},"end":{"line":507,"column":null}},"type":"switch","locations":[{"start":{"line":485,"column":8},"end":{"line":489,"column":null}},{"start":{"line":491,"column":8},"end":{"line":499,"column":null}},{"start":{"line":501,"column":8},"end":{"line":506,"column":null}}],"line":484},"76":{"loc":{"start":{"line":493,"column":59},"end":{"line":493,"column":79}},"type":"binary-expr","locations":[{"start":{"line":493,"column":59},"end":{"line":493,"column":77}},{"start":{"line":493,"column":77},"end":{"line":493,"column":79}}],"line":493},"77":{"loc":{"start":{"line":514,"column":6},"end":{"line":517,"column":null}},"type":"if","locations":[{"start":{"line":514,"column":6},"end":{"line":517,"column":null}},{"start":{},"end":{}}],"line":514},"78":{"loc":{"start":{"line":523,"column":71},"end":{"line":523,"column":126}},"type":"cond-expr","locations":[{"start":{"line":523,"column":96},"end":{"line":523,"column":112}},{"start":{"line":523,"column":112},"end":{"line":523,"column":126}}],"line":523},"79":{"loc":{"start":{"line":530,"column":6},"end":{"line":533,"column":null}},"type":"if","locations":[{"start":{"line":530,"column":6},"end":{"line":533,"column":null}},{"start":{},"end":{}}],"line":530},"80":{"loc":{"start":{"line":537,"column":6},"end":{"line":539,"column":null}},"type":"if","locations":[{"start":{"line":537,"column":6},"end":{"line":539,"column":null}},{"start":{},"end":{}}],"line":537},"81":{"loc":{"start":{"line":541,"column":27},"end":{"line":541,"column":null}},"type":"binary-expr","locations":[{"start":{"line":541,"column":27},"end":{"line":541,"column":37}},{"start":{"line":541,"column":37},"end":{"line":541,"column":null}}],"line":541},"82":{"loc":{"start":{"line":565,"column":23},"end":{"line":565,"column":null}},"type":"binary-expr","locations":[{"start":{"line":565,"column":23},"end":{"line":565,"column":46}},{"start":{"line":565,"column":46},"end":{"line":565,"column":null}}],"line":565},"83":{"loc":{"start":{"line":566,"column":27},"end":{"line":566,"column":null}},"type":"binary-expr","locations":[{"start":{"line":566,"column":27},"end":{"line":566,"column":54}},{"start":{"line":566,"column":54},"end":{"line":566,"column":null}}],"line":566},"84":{"loc":{"start":{"line":567,"column":25},"end":{"line":567,"column":null}},"type":"binary-expr","locations":[{"start":{"line":567,"column":25},"end":{"line":567,"column":50}},{"start":{"line":567,"column":50},"end":{"line":567,"column":null}}],"line":567},"85":{"loc":{"start":{"line":568,"column":22},"end":{"line":568,"column":52}},"type":"binary-expr","locations":[{"start":{"line":568,"column":22},"end":{"line":568,"column":47}},{"start":{"line":568,"column":47},"end":{"line":568,"column":52}}],"line":568},"86":{"loc":{"start":{"line":573,"column":74},"end":{"line":573,"column":129}},"type":"cond-expr","locations":[{"start":{"line":573,"column":99},"end":{"line":573,"column":115}},{"start":{"line":573,"column":115},"end":{"line":573,"column":129}}],"line":573},"87":{"loc":{"start":{"line":580,"column":6},"end":{"line":583,"column":null}},"type":"if","locations":[{"start":{"line":580,"column":6},"end":{"line":583,"column":null}},{"start":{},"end":{}}],"line":580},"88":{"loc":{"start":{"line":587,"column":6},"end":{"line":589,"column":null}},"type":"if","locations":[{"start":{"line":587,"column":6},"end":{"line":589,"column":null}},{"start":{},"end":{}}],"line":587},"89":{"loc":{"start":{"line":591,"column":27},"end":{"line":591,"column":null}},"type":"binary-expr","locations":[{"start":{"line":591,"column":27},"end":{"line":591,"column":37}},{"start":{"line":591,"column":37},"end":{"line":591,"column":null}}],"line":591},"90":{"loc":{"start":{"line":600,"column":6},"end":{"line":606,"column":null}},"type":"if","locations":[{"start":{"line":600,"column":6},"end":{"line":606,"column":null}},{"start":{},"end":{}}],"line":600},"91":{"loc":{"start":{"line":600,"column":10},"end":{"line":600,"column":54}},"type":"binary-expr","locations":[{"start":{"line":600,"column":10},"end":{"line":600,"column":27}},{"start":{"line":600,"column":27},"end":{"line":600,"column":54}}],"line":600},"92":{"loc":{"start":{"line":611,"column":55},"end":{"line":611,"column":110}},"type":"cond-expr","locations":[{"start":{"line":611,"column":80},"end":{"line":611,"column":96}},{"start":{"line":611,"column":96},"end":{"line":611,"column":110}}],"line":611}},"s":{"0":6,"1":6,"2":0,"3":0,"4":6,"5":6,"6":2,"7":4,"8":0,"9":4,"10":2,"11":2,"12":2,"13":0,"14":0,"15":2,"16":6,"17":0,"18":0,"19":2,"20":2,"21":0,"22":0,"23":2,"24":2,"25":0,"26":2,"27":2,"28":0,"29":0,"30":2,"31":0,"32":0,"33":2,"34":2,"35":0,"36":0,"37":2,"38":2,"39":0,"40":2,"41":2,"42":0,"43":0,"44":2,"45":0,"46":0,"47":2,"48":2,"49":0,"50":0,"51":2,"52":2,"53":0,"54":2,"55":2,"56":2,"57":0,"58":0,"59":0,"60":0,"61":0,"62":2,"63":2,"64":2,"65":2,"66":0,"67":0,"68":2,"69":2,"70":0,"71":2,"72":2,"73":0,"74":0,"75":2,"76":2,"77":0,"78":0,"79":0,"80":0,"81":2,"82":0,"83":0,"84":2,"85":2,"86":0,"87":0,"88":2,"89":2,"90":0,"91":2,"92":0,"93":0,"94":0,"95":0,"96":2,"97":2,"98":2,"99":2,"100":0,"101":0,"102":2,"103":0,"104":0,"105":0,"106":0,"107":2,"108":2,"109":2,"110":2,"111":2,"112":0,"113":0,"114":2,"115":2,"116":0,"117":2,"118":0,"119":0,"120":0,"121":0,"122":0,"123":0,"124":0,"125":0,"126":0,"127":0,"128":0,"129":2,"130":2,"131":2,"132":0,"133":0,"134":0,"135":0,"136":0,"137":0,"138":0,"139":0,"140":0,"141":0,"142":0,"143":0,"144":0,"145":0,"146":0,"147":0,"148":0,"149":0,"150":0,"151":0,"152":0,"153":0,"154":0,"155":0,"156":0,"157":0,"158":0,"159":0,"160":0,"161":0,"162":0,"163":0,"164":0,"165":0,"166":0,"167":0,"168":0,"169":0,"170":0,"171":0,"172":0,"173":0,"174":0,"175":0,"176":0,"177":0,"178":0,"179":0,"180":0,"181":0,"182":0,"183":0,"184":0,"185":0,"186":0,"187":0,"188":0,"189":0,"190":0,"191":0,"192":0,"193":0,"194":0,"195":0,"196":0,"197":0,"198":0,"199":0,"200":0,"201":0,"202":0,"203":0,"204":0,"205":0,"206":0,"207":0,"208":0,"209":0,"210":0,"211":0,"212":0,"213":0,"214":0,"215":0,"216":0,"217":0,"218":0,"219":0,"220":0,"221":0,"222":0,"223":2},"f":{"0":6,"1":2,"2":2,"3":2,"4":2,"5":0,"6":0,"7":0,"8":0,"9":2,"10":2,"11":2,"12":0,"13":0,"14":0,"15":0,"16":0,"17":0,"18":0,"19":0,"20":0,"21":0,"22":0,"23":0,"24":0,"25":0},"b":{"0":[0,6],"1":[2,4],"2":[6,6],"3":[0,4],"4":[2,2],"5":[2,2],"6":[6,0],"7":[6,2],"8":[0,2],"9":[0,0],"10":[0,2],"11":[0,2],"12":[2,2],"13":[0,2],"14":[2,0],"15":[0,0],"16":[0,2],"17":[0,2],"18":[2,2],"19":[0,2],"20":[2,0],"21":[0,0],"22":[0,2],"23":[0,2],"24":[2,2],"25":[0,2],"26":[2,0],"27":[0,0],"28":[2,0],"29":[0,2],"30":[0,2],"31":[2,2],"32":[0,2],"33":[2,2],"34":[0,2],"35":[0,0],"36":[0,2],"37":[0,2],"38":[2,2],"39":[0,0],"40":[0,0],"41":[2,0],"42":[0,2],"43":[0,0],"44":[0,0],"45":[2,0],"46":[0,2],"47":[0,2],"48":[2,2],"49":[0,0],"50":[0,0],"51":[2,0],"52":[2,0],"53":[2,0],"54":[2,0],"55":[2,0],"56":[2,0],"57":[2,0],"58":[2,0],"59":[0,0],"60":[0,0],"61":[0,0],"62":[0,0],"63":[0,0],"64":[0,0],"65":[0,0],"66":[0,0],"67":[0,0],"68":[0,0],"69":[0,0],"70":[0,0],"71":[0,0],"72":[0,0],"73":[0,0],"74":[0,0],"75":[0,0,0],"76":[0,0],"77":[0,0],"78":[0,0],"79":[0,0],"80":[0,0],"81":[0,0],"82":[0,0],"83":[0,0],"84":[0,0],"85":[0,0],"86":[0,0],"87":[0,0],"88":[0,0],"89":[0,0],"90":[0,0],"91":[0,0],"92":[0,0]},"meta":{"lastBranch":93,"lastFunction":26,"lastStatement":224,"seen":{"f:53:8:53:21":0,"s:54:4:102:Infinity":0,"b:55:6:58:Infinity:undefined:undefined:undefined:undefined":0,"s:55:6:58:Infinity":1,"s:56:8:56:Infinity":2,"s:57:8:57:Infinity":3,"s:60:51:60:Infinity":4,"b:62:6:64:Infinity:undefined:undefined:undefined:undefined":1,"s:62:6:64:Infinity":5,"b:62:10:62:23:62:23:62:30":2,"s:63:8:63:Infinity":6,"b:66:6:68:Infinity:undefined:undefined:undefined:undefined":3,"s:66:6:68:Infinity":7,"s:67:8:67:Infinity":8,"b:70:6:72:Infinity:undefined:undefined:undefined:undefined":4,"s:70:6:72:Infinity":9,"s:71:8:71:Infinity":10,"s:75:30:89:Infinity":11,"b:80:31:80:59:80:59:80:Infinity":5,"b:84:23:84:45:84:45:84:Infinity":6,"b:85:20:85:39:85:39:85:Infinity":7,"b:91:6:94:Infinity:undefined:undefined:undefined:undefined":8,"s:91:6:94:Infinity":12,"s:92:8:92:Infinity":13,"s:93:8:93:Infinity":14,"s:96:6:96:Infinity":15,"s:97:6:97:Infinity":16,"s:100:6:100:Infinity":17,"b:100:90:100:106:100:106:100:120":9,"s:101:6:101:Infinity":18,"f:105:8:105:55":1,"s:106:4:134:Infinity":19,"b:107:6:110:Infinity:undefined:undefined:undefined:undefined":10,"s:107:6:110:Infinity":20,"s:108:8:108:Infinity":21,"s:109:8:109:Infinity":22,"s:112:51:112:Infinity":23,"b:114:6:116:Infinity:undefined:undefined:undefined:undefined":11,"s:114:6:116:Infinity":24,"b:114:10:114:23:114:23:114:30":12,"s:115:8:115:Infinity":25,"s:118:30:122:Infinity":26,"b:124:6:127:Infinity:undefined:undefined:undefined:undefined":13,"s:124:6:127:Infinity":27,"s:125:8:125:Infinity":28,"s:126:8:126:Infinity":29,"s:129:6:129:Infinity":30,"b:129:40:129:48:129:48:129:64":14,"s:132:6:132:Infinity":31,"b:132:92:132:108:132:108:132:122":15,"s:133:6:133:Infinity":32,"f:137:8:137:58":2,"s:138:4:166:Infinity":33,"b:139:6:142:Infinity:undefined:undefined:undefined:undefined":16,"s:139:6:142:Infinity":34,"s:140:8:140:Infinity":35,"s:141:8:141:Infinity":36,"s:144:51:144:Infinity":37,"b:146:6:148:Infinity:undefined:undefined:undefined:undefined":17,"s:146:6:148:Infinity":38,"b:146:10:146:23:146:23:146:30":18,"s:147:8:147:Infinity":39,"s:150:30:154:Infinity":40,"b:156:6:159:Infinity:undefined:undefined:undefined:undefined":19,"s:156:6:159:Infinity":41,"s:157:8:157:Infinity":42,"s:158:8:158:Infinity":43,"s:161:6:161:Infinity":44,"b:161:40:161:48:161:48:161:64":20,"s:164:6:164:Infinity":45,"b:164:84:164:100:164:100:164:114":21,"s:165:6:165:Infinity":46,"f:169:8:169:22":3,"s:170:4:210:Infinity":47,"b:171:6:174:Infinity:undefined:undefined:undefined:undefined":22,"s:171:6:174:Infinity":48,"s:172:8:172:Infinity":49,"s:173:8:173:Infinity":50,"s:176:51:176:Infinity":51,"b:178:6:180:Infinity:undefined:undefined:undefined:undefined":23,"s:178:6:180:Infinity":52,"b:178:10:178:23:178:23:178:30":24,"s:179:8:179:Infinity":53,"s:182:21:182:Infinity":54,"b:182:44:182:58:182:58:182:Infinity":25,"s:185:26:185:Infinity":55,"b:185:34:185:67:185:67:185:Infinity":26,"s:187:30:197:Infinity":56,"b:199:6:202:Infinity:undefined:undefined:undefined:undefined":27,"s:199:6:202:Infinity":57,"s:200:8:200:Infinity":58,"s:201:8:201:Infinity":59,"s:204:6:204:Infinity":60,"s:205:6:205:Infinity":61,"s:208:6:208:Infinity":62,"b:208:91:208:107:208:107:208:121":28,"s:209:6:209:Infinity":63,"f:213:8:213:97":4,"s:214:4:251:Infinity":64,"b:215:6:218:Infinity:undefined:undefined:undefined:undefined":29,"s:215:6:218:Infinity":65,"s:216:8:216:Infinity":66,"s:217:8:217:Infinity":67,"s:220:51:220:Infinity":68,"b:222:6:224:Infinity:undefined:undefined:undefined:undefined":30,"s:222:6:224:Infinity":69,"b:222:10:222:23:222:23:222:30":31,"s:223:8:223:Infinity":70,"s:227:42:230:Infinity":71,"b:232:6:235:Infinity:undefined:undefined:undefined:undefined":32,"s:232:6:235:Infinity":72,"s:233:8:233:Infinity":73,"s:234:8:234:Infinity":74,"s:237:22:237:Infinity":75,"b:237:22:237:36:237:36:237:Infinity":33,"s:238:33:244:Infinity":76,"f:240:39:240:44":5,"s:240:44:240:66":77,"f:241:40:241:45":6,"s:241:45:241:68":78,"f:242:41:242:46":7,"s:242:46:242:70":79,"b:243:44:243:122:243:122:243:Infinity":34,"f:243:59:243:64":8,"s:243:64:243:87":80,"s:246:6:246:Infinity":81,"s:249:6:249:Infinity":82,"b:249:96:249:112:249:112:249:126":35,"s:250:6:250:Infinity":83,"f:254:8:254:107":9,"s:255:4:286:Infinity":84,"b:256:6:259:Infinity:undefined:undefined:undefined:undefined":36,"s:256:6:259:Infinity":85,"s:257:8:257:Infinity":86,"s:258:8:258:Infinity":87,"s:261:51:261:Infinity":88,"b:263:6:265:Infinity:undefined:undefined:undefined:undefined":37,"s:263:6:265:Infinity":89,"b:263:10:263:23:263:23:263:30":38,"s:264:8:264:Infinity":90,"s:268:30:274:Infinity":91,"b:276:6:279:Infinity:undefined:undefined:undefined:undefined":39,"s:276:6:279:Infinity":92,"s:277:8:277:Infinity":93,"s:278:8:278:Infinity":94,"s:281:6:281:Infinity":95,"b:281:45:281:53:281:53:281:56":40,"s:284:6:284:Infinity":96,"b:284:100:284:116:284:116:284:130":41,"s:285:6:285:Infinity":97,"f:289:8:289:25":10,"s:290:4:315:Infinity":98,"b:291:6:294:Infinity:undefined:undefined:undefined:undefined":42,"s:291:6:294:Infinity":99,"s:292:8:292:Infinity":100,"s:293:8:293:Infinity":101,"s:297:30:302:Infinity":102,"b:304:6:307:Infinity:undefined:undefined:undefined:undefined":43,"s:304:6:307:Infinity":103,"s:305:8:305:Infinity":104,"s:306:8:306:Infinity":105,"s:309:12:309:Infinity":106,"b:309:25:309:33:309:33:309:37":44,"s:310:6:310:Infinity":107,"s:313:6:313:Infinity":108,"b:313:94:313:110:313:110:313:124":45,"s:314:6:314:Infinity":109,"f:318:8:318:110":11,"s:319:4:359:Infinity":110,"b:320:6:323:Infinity:undefined:undefined:undefined:undefined":46,"s:320:6:323:Infinity":111,"s:321:8:321:Infinity":112,"s:322:8:322:Infinity":113,"s:325:51:325:Infinity":114,"b:327:6:329:Infinity:undefined:undefined:undefined:undefined":47,"s:327:6:329:Infinity":115,"b:327:10:327:23:327:23:327:30":48,"s:328:8:328:Infinity":116,"s:331:30:334:Infinity":117,"b:336:6:339:Infinity:undefined:undefined:undefined:undefined":49,"s:336:6:339:Infinity":118,"s:337:8:337:Infinity":119,"s:338:8:338:Infinity":120,"s:341:20:352:Infinity":121,"b:342:15:342:31:342:31:342:Infinity":50,"b:343:17:343:96:343:96:343:Infinity":51,"f:343:30:343:31":12,"s:343:62:343:84":122,"b:344:18:344:98:344:98:344:Infinity":52,"f:344:31:344:32":13,"s:344:63:344:86":123,"b:345:19:345:100:345:100:345:Infinity":53,"f:345:32:345:33":14,"s:345:64:345:88":124,"b:347:19:347:104:347:104:347:Infinity":54,"f:347:32:347:33":15,"s:347:64:347:92":125,"b:348:19:348:104:348:104:348:Infinity":55,"f:348:32:348:33":16,"s:348:64:348:92":126,"b:349:17:349:100:349:100:349:Infinity":56,"f:349:30:349:31":17,"s:349:62:349:88":127,"b:350:17:350:100:350:100:350:Infinity":57,"f:350:30:350:31":18,"s:350:62:350:88":128,"s:354:6:354:Infinity":129,"s:357:6:357:Infinity":130,"b:357:86:357:102:357:102:357:116":58,"s:358:6:358:Infinity":131,"f:363:8:363:29":19,"s:364:4:400:Infinity":132,"b:365:6:368:Infinity:undefined:undefined:undefined:undefined":59,"s:365:6:368:Infinity":133,"s:366:8:366:Infinity":134,"s:367:8:367:Infinity":135,"s:370:51:370:Infinity":136,"b:372:6:374:Infinity:undefined:undefined:undefined:undefined":60,"s:372:6:374:Infinity":137,"b:372:10:372:23:372:23:372:30":61,"s:373:8:373:Infinity":138,"s:376:30:387:Infinity":139,"b:389:6:392:Infinity:undefined:undefined:undefined:undefined":62,"s:389:6:392:Infinity":140,"s:390:8:390:Infinity":141,"s:391:8:391:Infinity":142,"s:394:6:394:Infinity":143,"s:395:6:395:Infinity":144,"s:398:6:398:Infinity":145,"b:398:98:398:114:398:114:398:128":63,"s:399:6:399:Infinity":146,"f:404:8:404:28":20,"s:405:4:412:Infinity":147,"f:415:8:415:62":21,"s:416:4:445:Infinity":148,"b:417:6:420:Infinity:undefined:undefined:undefined:undefined":64,"s:417:6:420:Infinity":149,"s:418:8:418:Infinity":150,"s:419:8:419:Infinity":151,"s:422:51:422:Infinity":152,"b:424:6:426:Infinity:undefined:undefined:undefined:undefined":65,"s:424:6:426:Infinity":153,"b:424:10:424:23:424:23:424:30":66,"s:425:8:425:Infinity":154,"s:428:30:433:Infinity":155,"b:435:6:438:Infinity:undefined:undefined:undefined:undefined":67,"s:435:6:438:Infinity":156,"s:436:8:436:Infinity":157,"s:437:8:437:Infinity":158,"s:440:6:440:Infinity":159,"b:440:40:440:48:440:48:440:64":68,"s:443:6:443:Infinity":160,"b:443:99:443:115:443:115:443:129":69,"s:444:6:444:Infinity":161,"f:448:8:448:65":22,"s:449:4:472:Infinity":162,"b:450:6:453:Infinity:undefined:undefined:undefined:undefined":70,"s:450:6:453:Infinity":163,"s:451:8:451:Infinity":164,"s:452:8:452:Infinity":165,"s:455:30:460:Infinity":166,"b:462:6:465:Infinity:undefined:undefined:undefined:undefined":71,"s:462:6:465:Infinity":167,"s:463:8:463:Infinity":168,"s:464:8:464:Infinity":169,"s:467:6:467:Infinity":170,"b:467:40:467:48:467:48:467:64":72,"s:470:6:470:Infinity":171,"b:470:102:470:118:470:118:470:132":73,"s:471:6:471:Infinity":172,"f:475:8:475:27":23,"s:476:4:525:Infinity":173,"b:477:6:480:Infinity:undefined:undefined:undefined:undefined":74,"s:477:6:480:Infinity":174,"s:478:8:478:Infinity":175,"s:479:8:479:Infinity":176,"s:482:44:482:Infinity":177,"b:485:8:489:Infinity:491:8:499:Infinity:501:8:506:Infinity":75,"s:484:6:507:Infinity":178,"s:486:10:488:Infinity":179,"s:489:10:489:Infinity":180,"s:492:32:492:Infinity":181,"s:493:10:493:Infinity":182,"b:493:59:493:77:493:77:493:79":76,"s:494:10:497:Infinity":183,"s:498:10:498:Infinity":184,"s:502:10:505:Infinity":185,"s:506:10:506:Infinity":186,"s:509:37:512:Infinity":187,"b:514:6:517:Infinity:undefined:undefined:undefined:undefined":77,"s:514:6:517:Infinity":188,"s:515:8:515:Infinity":189,"s:516:8:516:Infinity":190,"s:519:6:519:Infinity":191,"s:520:6:520:Infinity":192,"s:523:6:523:Infinity":193,"b:523:96:523:112:523:112:523:126":78,"s:524:6:524:Infinity":194,"f:528:8:528:30":24,"s:529:4:575:Infinity":195,"b:530:6:533:Infinity:undefined:undefined:undefined:undefined":79,"s:530:6:533:Infinity":196,"s:531:8:531:Infinity":197,"s:532:8:532:Infinity":198,"s:535:33:535:Infinity":199,"b:537:6:539:Infinity:undefined:undefined:undefined:undefined":80,"s:537:6:539:Infinity":200,"s:538:8:538:Infinity":201,"s:541:27:541:Infinity":202,"b:541:27:541:37:541:37:541:Infinity":81,"s:543:36:547:Infinity":203,"s:549:40:553:Infinity":204,"s:555:38:560:Infinity":205,"s:562:6:570:Infinity":206,"b:565:23:565:46:565:46:565:Infinity":82,"b:566:27:566:54:566:54:566:Infinity":83,"b:567:25:567:50:567:50:567:Infinity":84,"b:568:22:568:47:568:47:568:52":85,"s:573:6:573:Infinity":207,"b:573:99:573:115:573:115:573:129":86,"s:574:6:574:Infinity":208,"f:578:8:578:22":25,"s:579:4:613:Infinity":209,"b:580:6:583:Infinity:undefined:undefined:undefined:undefined":87,"s:580:6:583:Infinity":210,"s:581:8:581:Infinity":211,"s:582:8:582:Infinity":212,"s:585:33:585:Infinity":213,"b:587:6:589:Infinity:undefined:undefined:undefined:undefined":88,"s:587:6:589:Infinity":214,"s:588:8:588:Infinity":215,"s:591:27:591:Infinity":216,"b:591:27:591:37:591:37:591:Infinity":89,"s:593:38:598:Infinity":217,"b:600:6:606:Infinity:undefined:undefined:undefined:undefined":90,"s:600:6:606:Infinity":218,"b:600:10:600:27:600:27:600:54":91,"s:601:8:605:Infinity":219,"s:608:6:608:Infinity":220,"s:611:6:611:Infinity":221,"b:611:80:611:96:611:96:611:110":92,"s:612:6:612:Infinity":222,"s:617:29:617:Infinity":223}}}
,"C:\\Users\\conej\\Documents\\conecta-social-comunidad-main\\src\\utils\\mobile.ts": {"path":"C:\\Users\\conej\\Documents\\conecta-social-comunidad-main\\src\\utils\\mobile.ts","statementMap":{"0":{"start":{"line":5,"column":24},"end":{"line":8,"column":null}},"1":{"start":{"line":6,"column":2},"end":{"line":6,"column":null}},"2":{"start":{"line":6,"column":37},"end":{"line":6,"column":null}},"3":{"start":{"line":7,"column":2},"end":{"line":7,"column":null}},"4":{"start":{"line":10,"column":24},"end":{"line":13,"column":null}},"5":{"start":{"line":11,"column":2},"end":{"line":11,"column":null}},"6":{"start":{"line":11,"column":37},"end":{"line":11,"column":null}},"7":{"start":{"line":12,"column":2},"end":{"line":12,"column":null}},"8":{"start":{"line":15,"column":29},"end":{"line":18,"column":null}},"9":{"start":{"line":16,"column":2},"end":{"line":16,"column":null}},"10":{"start":{"line":16,"column":37},"end":{"line":16,"column":null}},"11":{"start":{"line":17,"column":2},"end":{"line":17,"column":null}},"12":{"start":{"line":20,"column":36},"end":{"line":24,"column":null}},"13":{"start":{"line":21,"column":2},"end":{"line":21,"column":null}},"14":{"start":{"line":21,"column":37},"end":{"line":21,"column":null}},"15":{"start":{"line":22,"column":2},"end":{"line":22,"column":null}},"16":{"start":{"line":22,"column":47},"end":{"line":22,"column":null}},"17":{"start":{"line":23,"column":2},"end":{"line":23,"column":null}},"18":{"start":{"line":26,"column":29},"end":{"line":29,"column":null}},"19":{"start":{"line":27,"column":2},"end":{"line":27,"column":null}},"20":{"start":{"line":27,"column":37},"end":{"line":27,"column":null}},"21":{"start":{"line":28,"column":2},"end":{"line":28,"column":null}},"22":{"start":{"line":31,"column":31},"end":{"line":37,"column":null}},"23":{"start":{"line":32,"column":2},"end":{"line":32,"column":null}},"24":{"start":{"line":32,"column":37},"end":{"line":32,"column":null}},"25":{"start":{"line":33,"column":2},"end":{"line":36,"column":null}},"26":{"start":{"line":39,"column":29},"end":{"line":45,"column":null}},"27":{"start":{"line":40,"column":2},"end":{"line":40,"column":null}},"28":{"start":{"line":40,"column":37},"end":{"line":40,"column":null}},"29":{"start":{"line":41,"column":16},"end":{"line":41,"column":null}},"30":{"start":{"line":42,"column":2},"end":{"line":42,"column":null}},"31":{"start":{"line":42,"column":19},"end":{"line":42,"column":null}},"32":{"start":{"line":43,"column":2},"end":{"line":43,"column":null}},"33":{"start":{"line":43,"column":20},"end":{"line":43,"column":null}},"34":{"start":{"line":44,"column":2},"end":{"line":44,"column":null}},"35":{"start":{"line":48,"column":31},"end":{"line":55,"column":null}},"36":{"start":{"line":49,"column":2},"end":{"line":49,"column":null}},"37":{"start":{"line":49,"column":24},"end":{"line":49,"column":null}},"38":{"start":{"line":51,"column":2},"end":{"line":51,"column":null}},"39":{"start":{"line":54,"column":2},"end":{"line":54,"column":null}},"40":{"start":{"line":58,"column":34},"end":{"line":69,"column":null}},"41":{"start":{"line":59,"column":18},"end":{"line":59,"column":null}},"42":{"start":{"line":60,"column":17},"end":{"line":60,"column":null}},"43":{"start":{"line":62,"column":2},"end":{"line":68,"column":null}}},"fnMap":{"0":{"name":"(anonymous_0)","decl":{"start":{"line":5,"column":24},"end":{"line":5,"column":39}},"loc":{"start":{"line":5,"column":39},"end":{"line":8,"column":null}},"line":5},"1":{"name":"(anonymous_1)","decl":{"start":{"line":10,"column":24},"end":{"line":10,"column":39}},"loc":{"start":{"line":10,"column":39},"end":{"line":13,"column":null}},"line":10},"2":{"name":"(anonymous_2)","decl":{"start":{"line":15,"column":29},"end":{"line":15,"column":44}},"loc":{"start":{"line":15,"column":44},"end":{"line":18,"column":null}},"line":15},"3":{"name":"(anonymous_3)","decl":{"start":{"line":20,"column":36},"end":{"line":20,"column":51}},"loc":{"start":{"line":20,"column":51},"end":{"line":24,"column":null}},"line":20},"4":{"name":"(anonymous_4)","decl":{"start":{"line":26,"column":29},"end":{"line":26,"column":44}},"loc":{"start":{"line":26,"column":44},"end":{"line":29,"column":null}},"line":26},"5":{"name":"(anonymous_5)","decl":{"start":{"line":31,"column":31},"end":{"line":31,"column":37}},"loc":{"start":{"line":31,"column":37},"end":{"line":37,"column":null}},"line":31},"6":{"name":"(anonymous_6)","decl":{"start":{"line":39,"column":29},"end":{"line":39,"column":68}},"loc":{"start":{"line":39,"column":68},"end":{"line":45,"column":null}},"line":39},"7":{"name":"(anonymous_7)","decl":{"start":{"line":48,"column":31},"end":{"line":48,"column":32}},"loc":{"start":{"line":48,"column":57},"end":{"line":55,"column":null}},"line":48},"8":{"name":"(anonymous_8)","decl":{"start":{"line":58,"column":34},"end":{"line":58,"column":40}},"loc":{"start":{"line":58,"column":40},"end":{"line":69,"column":null}},"line":58}},"branchMap":{"0":{"loc":{"start":{"line":6,"column":2},"end":{"line":6,"column":null}},"type":"if","locations":[{"start":{"line":6,"column":2},"end":{"line":6,"column":null}},{"start":{},"end":{}}],"line":6},"1":{"loc":{"start":{"line":11,"column":2},"end":{"line":11,"column":null}},"type":"if","locations":[{"start":{"line":11,"column":2},"end":{"line":11,"column":null}},{"start":{},"end":{}}],"line":11},"2":{"loc":{"start":{"line":12,"column":9},"end":{"line":12,"column":null}},"type":"binary-expr","locations":[{"start":{"line":12,"column":9},"end":{"line":12,"column":37}},{"start":{"line":12,"column":37},"end":{"line":12,"column":null}}],"line":12},"3":{"loc":{"start":{"line":16,"column":2},"end":{"line":16,"column":null}},"type":"if","locations":[{"start":{"line":16,"column":2},"end":{"line":16,"column":null}},{"start":{},"end":{}}],"line":16},"4":{"loc":{"start":{"line":17,"column":9},"end":{"line":17,"column":null}},"type":"binary-expr","locations":[{"start":{"line":17,"column":9},"end":{"line":17,"column":37}},{"start":{"line":17,"column":37},"end":{"line":17,"column":null}}],"line":17},"5":{"loc":{"start":{"line":21,"column":2},"end":{"line":21,"column":null}},"type":"if","locations":[{"start":{"line":21,"column":2},"end":{"line":21,"column":null}},{"start":{},"end":{}}],"line":21},"6":{"loc":{"start":{"line":22,"column":2},"end":{"line":22,"column":null}},"type":"if","locations":[{"start":{"line":22,"column":2},"end":{"line":22,"column":null}},{"start":{},"end":{}}],"line":22},"7":{"loc":{"start":{"line":27,"column":2},"end":{"line":27,"column":null}},"type":"if","locations":[{"start":{"line":27,"column":2},"end":{"line":27,"column":null}},{"start":{},"end":{}}],"line":27},"8":{"loc":{"start":{"line":32,"column":2},"end":{"line":32,"column":null}},"type":"if","locations":[{"start":{"line":32,"column":2},"end":{"line":32,"column":null}},{"start":{},"end":{}}],"line":32},"9":{"loc":{"start":{"line":40,"column":2},"end":{"line":40,"column":null}},"type":"if","locations":[{"start":{"line":40,"column":2},"end":{"line":40,"column":null}},{"start":{},"end":{}}],"line":40},"10":{"loc":{"start":{"line":42,"column":2},"end":{"line":42,"column":null}},"type":"if","locations":[{"start":{"line":42,"column":2},"end":{"line":42,"column":null}},{"start":{},"end":{}}],"line":42},"11":{"loc":{"start":{"line":43,"column":2},"end":{"line":43,"column":null}},"type":"if","locations":[{"start":{"line":43,"column":2},"end":{"line":43,"column":null}},{"start":{},"end":{}}],"line":43},"12":{"loc":{"start":{"line":49,"column":2},"end":{"line":49,"column":null}},"type":"if","locations":[{"start":{"line":49,"column":2},"end":{"line":49,"column":null}},{"start":{},"end":{}}],"line":49},"13":{"loc":{"start":{"line":63,"column":14},"end":{"line":63,"column":null}},"type":"cond-expr","locations":[{"start":{"line":63,"column":24},"end":{"line":63,"column":28}},{"start":{"line":63,"column":28},"end":{"line":63,"column":null}}],"line":63},"14":{"loc":{"start":{"line":63,"column":28},"end":{"line":63,"column":null}},"type":"cond-expr","locations":[{"start":{"line":63,"column":37},"end":{"line":63,"column":43}},{"start":{"line":63,"column":43},"end":{"line":63,"column":null}}],"line":63},"15":{"loc":{"start":{"line":64,"column":15},"end":{"line":64,"column":null}},"type":"cond-expr","locations":[{"start":{"line":64,"column":24},"end":{"line":64,"column":30}},{"start":{"line":64,"column":30},"end":{"line":64,"column":null}}],"line":64},"16":{"loc":{"start":{"line":65,"column":13},"end":{"line":65,"column":null}},"type":"cond-expr","locations":[{"start":{"line":65,"column":22},"end":{"line":65,"column":27}},{"start":{"line":65,"column":27},"end":{"line":65,"column":null}}],"line":65},"17":{"loc":{"start":{"line":66,"column":11},"end":{"line":66,"column":null}},"type":"cond-expr","locations":[{"start":{"line":66,"column":20},"end":{"line":66,"column":27}},{"start":{"line":66,"column":27},"end":{"line":66,"column":null}}],"line":66}},"s":{"0":1,"1":6,"2":0,"3":6,"4":1,"5":0,"6":0,"7":0,"8":1,"9":5,"10":0,"11":5,"12":1,"13":6,"14":0,"15":6,"16":1,"17":5,"18":1,"19":0,"20":0,"21":0,"22":1,"23":0,"24":0,"25":0,"26":1,"27":3,"28":0,"29":3,"30":3,"31":1,"32":2,"33":2,"34":1,"35":1,"36":2,"37":1,"38":1,"39":1,"40":1,"41":3,"42":3,"43":3},"f":{"0":6,"1":0,"2":5,"3":6,"4":0,"5":0,"6":3,"7":2,"8":3},"b":{"0":[0,6],"1":[0,0],"2":[0,0],"3":[0,5],"4":[5,3],"5":[0,6],"6":[1,5],"7":[0,0],"8":[0,0],"9":[0,3],"10":[1,2],"11":[1,1],"12":[1,1],"13":[1,2],"14":[1,1],"15":[1,2],"16":[1,2],"17":[1,2]},"meta":{"lastBranch":18,"lastFunction":9,"lastStatement":44,"seen":{"s:5:24:8:Infinity":0,"f:5:24:5:39":0,"b:6:2:6:Infinity:undefined:undefined:undefined:undefined":0,"s:6:2:6:Infinity":1,"s:6:37:6:Infinity":2,"s:7:2:7:Infinity":3,"s:10:24:13:Infinity":4,"f:10:24:10:39":1,"b:11:2:11:Infinity:undefined:undefined:undefined:undefined":1,"s:11:2:11:Infinity":5,"s:11:37:11:Infinity":6,"s:12:2:12:Infinity":7,"b:12:9:12:37:12:37:12:Infinity":2,"s:15:29:18:Infinity":8,"f:15:29:15:44":2,"b:16:2:16:Infinity:undefined:undefined:undefined:undefined":3,"s:16:2:16:Infinity":9,"s:16:37:16:Infinity":10,"s:17:2:17:Infinity":11,"b:17:9:17:37:17:37:17:Infinity":4,"s:20:36:24:Infinity":12,"f:20:36:20:51":3,"b:21:2:21:Infinity:undefined:undefined:undefined:undefined":5,"s:21:2:21:Infinity":13,"s:21:37:21:Infinity":14,"b:22:2:22:Infinity:undefined:undefined:undefined:undefined":6,"s:22:2:22:Infinity":15,"s:22:47:22:Infinity":16,"s:23:2:23:Infinity":17,"s:26:29:29:Infinity":18,"f:26:29:26:44":4,"b:27:2:27:Infinity:undefined:undefined:undefined:undefined":7,"s:27:2:27:Infinity":19,"s:27:37:27:Infinity":20,"s:28:2:28:Infinity":21,"s:31:31:37:Infinity":22,"f:31:31:31:37":5,"b:32:2:32:Infinity:undefined:undefined:undefined:undefined":8,"s:32:2:32:Infinity":23,"s:32:37:32:Infinity":24,"s:33:2:36:Infinity":25,"s:39:29:45:Infinity":26,"f:39:29:39:68":6,"b:40:2:40:Infinity:undefined:undefined:undefined:undefined":9,"s:40:2:40:Infinity":27,"s:40:37:40:Infinity":28,"s:41:16:41:Infinity":29,"b:42:2:42:Infinity:undefined:undefined:undefined:undefined":10,"s:42:2:42:Infinity":30,"s:42:19:42:Infinity":31,"b:43:2:43:Infinity:undefined:undefined:undefined:undefined":11,"s:43:2:43:Infinity":32,"s:43:20:43:Infinity":33,"s:44:2:44:Infinity":34,"s:48:31:55:Infinity":35,"f:48:31:48:32":7,"b:49:2:49:Infinity:undefined:undefined:undefined:undefined":12,"s:49:2:49:Infinity":36,"s:49:24:49:Infinity":37,"s:51:2:51:Infinity":38,"s:54:2:54:Infinity":39,"s:58:34:69:Infinity":40,"f:58:34:58:40":8,"s:59:18:59:Infinity":41,"s:60:17:60:Infinity":42,"s:62:2:68:Infinity":43,"b:63:24:63:28:63:28:63:Infinity":13,"b:63:37:63:43:63:43:63:Infinity":14,"b:64:24:64:30:64:30:64:Infinity":15,"b:65:22:65:27:65:27:65:Infinity":16,"b:66:20:66:27:66:27:66:Infinity":17}}}
}
